  Assembling test1.asm...
test1.asm(6): error A2008: syntax error : in instruction
test1.asm(11): error A2008: syntax error : test
C:\Program Files (x86)\Microsoft Visual Studio\2019\Enterprise\MSBuild\Microsoft\VC\v160\BuildCustomizations\masm.targets(70,5): error MSB3721: The command "ml.exe /c /nologo /Zi /Fo"Debug\test1.obj" /I "C:\Programs\Irvine32" /W3 /errorReport:prompt  /Tatest1.asm" exited with code 1.
